D:\#КПИшка\LAB_11\LAB_11\DEBUG\MAIN.OBJ
D:\#КПИШКА\LAB_11\LAB_11\DEBUG\VC110.PDB
D:\#КПИшка\LAB_11\DEBUG\LAB_11.ILK
D:\#КПИшка\LAB_11\DEBUG\LAB_11.EXE
D:\#КПИШКА\LAB_11\DEBUG\LAB_11.PDB
D:\#КПИшка\Lab_11\Lab_11\Debug\main.obj
D:\#КПИшка\Lab_11\Lab_11\Debug\cl.command.1.tlog
D:\#КПИшка\Lab_11\Lab_11\Debug\CL.read.1.tlog
D:\#КПИшка\Lab_11\Lab_11\Debug\CL.write.1.tlog
D:\#КПИшка\Lab_11\Lab_11\Debug\link-cvtres.read.1.tlog
D:\#КПИшка\Lab_11\Lab_11\Debug\link-cvtres.write.1.tlog
D:\#КПИшка\Lab_11\Lab_11\Debug\link-rc.read.1.tlog
D:\#КПИшка\Lab_11\Lab_11\Debug\link-rc.write.1.tlog
D:\#КПИшка\Lab_11\Lab_11\Debug\link.command.1.tlog
D:\#КПИшка\Lab_11\Lab_11\Debug\link.read.1.tlog
D:\#КПИшка\Lab_11\Lab_11\Debug\link.write.1.tlog
D:\#КПИшка\Lab_11\Lab_11\Debug\vc110.idb
D:\#КПИшка\Lab_11\Lab_11\Debug\vc110.pdb
D:\#КПИшка\Lab_11\Debug\Lab_11.pdb
D:\#КПИшка\Lab_11\Debug\Lab_11.exe
D:\#КПИшка\Lab_11\Debug\Lab_11.ilk
