D:\Язык Си\CONSOLEAPPLICATION1\CONSOLEAPPLICATION1\DEBUG\LAB1.OBJ
D:\ЯЗЫК СИ\CONSOLEAPPLICATION1\CONSOLEAPPLICATION1\DEBUG\VC110.PDB
D:\Язык Си\CONSOLEAPPLICATION1\DEBUG\CONSOLEAPPLICATION1.ILK
D:\Язык Си\CONSOLEAPPLICATION1\DEBUG\CONSOLEAPPLICATION1.EXE
D:\ЯЗЫК СИ\CONSOLEAPPLICATION1\DEBUG\CONSOLEAPPLICATION1.PDB
D:\Язык Си\ConsoleApplication1\ConsoleApplication1\Debug\lab1.obj
D:\Язык Си\ConsoleApplication1\ConsoleApplication1\Debug\cl.command.1.tlog
D:\Язык Си\ConsoleApplication1\ConsoleApplication1\Debug\CL.read.1.tlog
D:\Язык Си\ConsoleApplication1\ConsoleApplication1\Debug\CL.write.1.tlog
D:\Язык Си\ConsoleApplication1\ConsoleApplication1\Debug\link-cvtres.read.1.tlog
D:\Язык Си\ConsoleApplication1\ConsoleApplication1\Debug\link-cvtres.write.1.tlog
D:\Язык Си\ConsoleApplication1\ConsoleApplication1\Debug\link-rc.read.1.tlog
D:\Язык Си\ConsoleApplication1\ConsoleApplication1\Debug\link-rc.write.1.tlog
D:\Язык Си\ConsoleApplication1\ConsoleApplication1\Debug\link.command.1.tlog
D:\Язык Си\ConsoleApplication1\ConsoleApplication1\Debug\link.read.1.tlog
D:\Язык Си\ConsoleApplication1\ConsoleApplication1\Debug\link.write.1.tlog
D:\Язык Си\ConsoleApplication1\ConsoleApplication1\Debug\vc110.idb
D:\Язык Си\ConsoleApplication1\ConsoleApplication1\Debug\vc110.pdb
D:\Язык Си\ConsoleApplication1\Debug\ConsoleApplication1.pdb
D:\Язык Си\ConsoleApplication1\Debug\ConsoleApplication1.exe
D:\Язык Си\ConsoleApplication1\Debug\ConsoleApplication1.ilk
